app/build/intermediates/manifest_merge_blame_file/debug/processDebugMainManifest/manifest-merger-blame-debug-report.txt
1<?xml version="1.0" encoding="utf-8"?>
2<manifest xmlns:android="http://schemas.android.com/apk/res/android"
3    package="com.example.bluetoothconnector"
4    android:versionCode="1"
5    android:versionName="1.0.0" >
6
7    <uses-sdk
8        android:minSdkVersion="26"
9        android:targetSdkVersion="35" />
10
11    <!-- Bluetooth permissions -->
12    <uses-permission
12-->src/main/AndroidManifest.xml:6:5-95
13        android:name="android.permission.BLUETOOTH"
13-->src/main/AndroidManifest.xml:6:22-65
14        android:maxSdkVersion="30" />
14-->src/main/AndroidManifest.xml:6:66-92
15    <uses-permission
15-->src/main/AndroidManifest.xml:7:5-101
16        android:name="android.permission.BLUETOOTH_ADMIN"
16-->src/main/AndroidManifest.xml:7:22-71
17        android:maxSdkVersion="30" />
17-->src/main/AndroidManifest.xml:7:72-98
18
19    <!-- Android 12+ Bluetooth permissions -->
20    <uses-permission android:name="android.permission.BLUETOOTH_CONNECT" />
20-->src/main/AndroidManifest.xml:10:5-76
20-->src/main/AndroidManifest.xml:10:22-73
21    <uses-permission
21-->src/main/AndroidManifest.xml:11:5-13:31
22        android:name="android.permission.BLUETOOTH_SCAN"
22-->src/main/AndroidManifest.xml:11:22-70
23        android:usesPermissionFlags="neverForLocation" />
23-->src/main/AndroidManifest.xml:12:9-55
24
25    <!-- Foreground Service permission for persistent connection -->
26    <uses-permission android:name="android.permission.FOREGROUND_SERVICE" />
26-->src/main/AndroidManifest.xml:16:5-77
26-->src/main/AndroidManifest.xml:16:22-74
27    <uses-permission android:name="android.permission.FOREGROUND_SERVICE_CONNECTED_DEVICE" />
27-->src/main/AndroidManifest.xml:17:5-94
27-->src/main/AndroidManifest.xml:17:22-91
28    <uses-permission android:name="android.permission.POST_NOTIFICATIONS" />
28-->src/main/AndroidManifest.xml:18:5-77
28-->src/main/AndroidManifest.xml:18:22-74
29
30    <!-- Internet permission for update check -->
31    <uses-permission android:name="android.permission.INTERNET" />
31-->src/main/AndroidManifest.xml:21:5-67
31-->src/main/AndroidManifest.xml:21:22-64
32
33    <!-- Install APK permission for auto-update -->
34    <uses-permission android:name="android.permission.REQUEST_INSTALL_PACKAGES" />
34-->src/main/AndroidManifest.xml:24:5-83
34-->src/main/AndroidManifest.xml:24:22-80
35
36    <!-- Declare that the app uses Bluetooth -->
37    <uses-feature
37-->src/main/AndroidManifest.xml:27:5-87
38        android:name="android.hardware.bluetooth"
38-->src/main/AndroidManifest.xml:27:19-60
39        android:required="true" />
39-->src/main/AndroidManifest.xml:27:61-84
40
41    <permission
41-->[androidx.core:core:1.15.0] AndroidManifest.xml:22:5-24:47
42        android:name="com.example.bluetoothconnector.DYNAMIC_RECEIVER_NOT_EXPORTED_PERMISSION"
42-->[androidx.core:core:1.15.0] AndroidManifest.xml:23:9-81
43        android:protectionLevel="signature" />
43-->[androidx.core:core:1.15.0] AndroidManifest.xml:24:9-44
44
45    <uses-permission android:name="com.example.bluetoothconnector.DYNAMIC_RECEIVER_NOT_EXPORTED_PERMISSION" />
45-->[androidx.core:core:1.15.0] AndroidManifest.xml:26:5-97
45-->[androidx.core:core:1.15.0] AndroidManifest.xml:26:22-94
46
47    <application
47-->src/main/AndroidManifest.xml:29:5-81:19
48        android:allowBackup="true"
48-->src/main/AndroidManifest.xml:30:9-35
49        android:appComponentFactory="androidx.core.app.CoreComponentFactory"
49-->[androidx.core:core:1.15.0] AndroidManifest.xml:28:18-86
50        android:debuggable="true"
51        android:extractNativeLibs="false"
52        android:icon="@mipmap/ic_launcher"
52-->src/main/AndroidManifest.xml:31:9-43
53        android:label="@string/app_name"
53-->src/main/AndroidManifest.xml:32:9-41
54        android:roundIcon="@mipmap/ic_launcher_round"
54-->src/main/AndroidManifest.xml:33:9-54
55        android:supportsRtl="true"
55-->src/main/AndroidManifest.xml:34:9-35
56        android:testOnly="true"
57        android:theme="@style/Theme.BluetoothConnector" >
57-->src/main/AndroidManifest.xml:35:9-56
58        <activity
58-->src/main/AndroidManifest.xml:37:9-45:20
59            android:name="com.example.bluetoothconnector.MainActivity"
59-->src/main/AndroidManifest.xml:38:13-41
60            android:exported="true"
60-->src/main/AndroidManifest.xml:39:13-36
61            android:theme="@style/Theme.BluetoothConnector" >
61-->src/main/AndroidManifest.xml:40:13-60
62            <intent-filter>
62-->src/main/AndroidManifest.xml:41:13-44:29
63                <action android:name="android.intent.action.MAIN" />
63-->src/main/AndroidManifest.xml:42:17-69
63-->src/main/AndroidManifest.xml:42:25-66
64
65                <category android:name="android.intent.category.LAUNCHER" />
65-->src/main/AndroidManifest.xml:43:17-77
65-->src/main/AndroidManifest.xml:43:27-74
66            </intent-filter>
67        </activity>
68
69        <!-- Foreground Service for persistent Bluetooth connection -->
70        <service
70-->src/main/AndroidManifest.xml:48:9-51:63
71            android:name="com.example.bluetoothconnector.service.BluetoothConnectionService"
71-->src/main/AndroidManifest.xml:49:13-63
72            android:exported="false"
72-->src/main/AndroidManifest.xml:50:13-37
73            android:foregroundServiceType="connectedDevice" />
73-->src/main/AndroidManifest.xml:51:13-60
74
75        <!-- Device Selection Activity for Tile Configuration -->
76        <activity
76-->src/main/AndroidManifest.xml:54:9-57:70
77            android:name="com.example.bluetoothconnector.ui.DeviceSelectionActivity"
77-->src/main/AndroidManifest.xml:55:13-55
78            android:exported="true"
78-->src/main/AndroidManifest.xml:56:13-36
79            android:theme="@style/Theme.BluetoothConnector.Dialog" />
79-->src/main/AndroidManifest.xml:57:13-67
80
81        <!-- Quick Settings Tile Service -->
82        <service
82-->src/main/AndroidManifest.xml:60:9-69:19
83            android:name="com.example.bluetoothconnector.service.QuickConnectTileService"
83-->src/main/AndroidManifest.xml:61:13-60
84            android:exported="true"
84-->src/main/AndroidManifest.xml:65:13-36
85            android:icon="@drawable/ic_bluetooth_notification"
85-->src/main/AndroidManifest.xml:63:13-63
86            android:label="@string/tile_label_default"
86-->src/main/AndroidManifest.xml:62:13-55
87            android:permission="android.permission.BIND_QUICK_SETTINGS_TILE" >
87-->src/main/AndroidManifest.xml:64:13-77
88            <intent-filter>
88-->src/main/AndroidManifest.xml:66:13-68:29
89                <action android:name="android.service.quicksettings.action.QS_TILE" />
89-->src/main/AndroidManifest.xml:67:17-87
89-->src/main/AndroidManifest.xml:67:25-84
90            </intent-filter>
91        </service>
92
93        <!-- FileProvider for APK installation -->
94        <provider
95            android:name="androidx.core.content.FileProvider"
95-->src/main/AndroidManifest.xml:73:13-62
96            android:authorities="com.example.bluetoothconnector.fileprovider"
96-->src/main/AndroidManifest.xml:74:13-64
97            android:exported="false"
97-->src/main/AndroidManifest.xml:75:13-37
98            android:grantUriPermissions="true" >
98-->src/main/AndroidManifest.xml:76:13-47
99            <meta-data
99-->src/main/AndroidManifest.xml:77:13-79:54
100                android:name="android.support.FILE_PROVIDER_PATHS"
100-->src/main/AndroidManifest.xml:78:17-67
101                android:resource="@xml/file_paths" />
101-->src/main/AndroidManifest.xml:79:17-51
102        </provider>
103        <provider
103-->[androidx.emoji2:emoji2:1.3.0] AndroidManifest.xml:24:9-32:20
104            android:name="androidx.startup.InitializationProvider"
104-->[androidx.emoji2:emoji2:1.3.0] AndroidManifest.xml:25:13-67
105            android:authorities="com.example.bluetoothconnector.androidx-startup"
105-->[androidx.emoji2:emoji2:1.3.0] AndroidManifest.xml:26:13-68
106            android:exported="false" >
106-->[androidx.emoji2:emoji2:1.3.0] AndroidManifest.xml:27:13-37
107            <meta-data
107-->[androidx.emoji2:emoji2:1.3.0] AndroidManifest.xml:29:13-31:52
108                android:name="androidx.emoji2.text.EmojiCompatInitializer"
108-->[androidx.emoji2:emoji2:1.3.0] AndroidManifest.xml:30:17-75
109                android:value="androidx.startup" />
109-->[androidx.emoji2:emoji2:1.3.0] AndroidManifest.xml:31:17-49
110            <meta-data
110-->[androidx.lifecycle:lifecycle-process:2.8.7] AndroidManifest.xml:29:13-31:52
111                android:name="androidx.lifecycle.ProcessLifecycleInitializer"
111-->[androidx.lifecycle:lifecycle-process:2.8.7] AndroidManifest.xml:30:17-78
112                android:value="androidx.startup" />
112-->[androidx.lifecycle:lifecycle-process:2.8.7] AndroidManifest.xml:31:17-49
113            <meta-data
113-->[androidx.profileinstaller:profileinstaller:1.3.1] AndroidManifest.xml:29:13-31:52
114                android:name="androidx.profileinstaller.ProfileInstallerInitializer"
114-->[androidx.profileinstaller:profileinstaller:1.3.1] AndroidManifest.xml:30:17-85
115                android:value="androidx.startup" />
115-->[androidx.profileinstaller:profileinstaller:1.3.1] AndroidManifest.xml:31:17-49
116        </provider>
117
118        <activity
118-->[androidx.compose.ui:ui-tooling-android:1.7.6] AndroidManifest.xml:23:9-25:39
119            android:name="androidx.compose.ui.tooling.PreviewActivity"
119-->[androidx.compose.ui:ui-tooling-android:1.7.6] AndroidManifest.xml:24:13-71
120            android:exported="true" />
120-->[androidx.compose.ui:ui-tooling-android:1.7.6] AndroidManifest.xml:25:13-36
121
122        <receiver
122-->[androidx.profileinstaller:profileinstaller:1.3.1] AndroidManifest.xml:34:9-52:20
123            android:name="androidx.profileinstaller.ProfileInstallReceiver"
123-->[androidx.profileinstaller:profileinstaller:1.3.1] AndroidManifest.xml:35:13-76
124            android:directBootAware="false"
124-->[androidx.profileinstaller:profileinstaller:1.3.1] AndroidManifest.xml:36:13-44
125            android:enabled="true"
125-->[androidx.profileinstaller:profileinstaller:1.3.1] AndroidManifest.xml:37:13-35
126            android:exported="true"
126-->[androidx.profileinstaller:profileinstaller:1.3.1] AndroidManifest.xml:38:13-36
127            android:permission="android.permission.DUMP" >
127-->[androidx.profileinstaller:profileinstaller:1.3.1] AndroidManifest.xml:39:13-57
128            <intent-filter>
128-->[androidx.profileinstaller:profileinstaller:1.3.1] AndroidManifest.xml:40:13-42:29
129                <action android:name="androidx.profileinstaller.action.INSTALL_PROFILE" />
129-->[androidx.profileinstaller:profileinstaller:1.3.1] AndroidManifest.xml:41:17-91
129-->[androidx.profileinstaller:profileinstaller:1.3.1] AndroidManifest.xml:41:25-88
130            </intent-filter>
131            <intent-filter>
131-->[androidx.profileinstaller:profileinstaller:1.3.1] AndroidManifest.xml:43:13-45:29
132                <action android:name="androidx.profileinstaller.action.SKIP_FILE" />
132-->[androidx.profileinstaller:profileinstaller:1.3.1] AndroidManifest.xml:44:17-85
132-->[androidx.profileinstaller:profileinstaller:1.3.1] AndroidManifest.xml:44:25-82
133            </intent-filter>
134            <intent-filter>
134-->[androidx.profileinstaller:profileinstaller:1.3.1] AndroidManifest.xml:46:13-48:29
135                <action android:name="androidx.profileinstaller.action.SAVE_PROFILE" />
135-->[androidx.profileinstaller:profileinstaller:1.3.1] AndroidManifest.xml:47:17-88
135-->[androidx.profileinstaller:profileinstaller:1.3.1] AndroidManifest.xml:47:25-85
136            </intent-filter>
137            <intent-filter>
137-->[androidx.profileinstaller:profileinstaller:1.3.1] AndroidManifest.xml:49:13-51:29
138                <action android:name="androidx.profileinstaller.action.BENCHMARK_OPERATION" />
138-->[androidx.profileinstaller:profileinstaller:1.3.1] AndroidManifest.xml:50:17-95
138-->[androidx.profileinstaller:profileinstaller:1.3.1] AndroidManifest.xml:50:25-92
139            </intent-filter>
140        </receiver>
141    </application>
142
143</manifest>